# JRE version: Java(TM) SE Runtime Environment (8.0_20-b26) (build 1.8.0_20-b26)
# Java VM: Java HotSpot(TM) 64-Bit Server VM (25.20-b23 mixed mode windows-amd64 compressed oops)
Heap:
 PSYoungGen      total 37888K, used 26105K [0x00000000d6400000, 0x00000000d8e00000, 0x0000000100000000)
  eden space 32768K, 79% used [0x00000000d6400000,0x00000000d7d7e7e8,0x00000000d8400000)
  from space 5120K, 0% used [0x00000000d8900000,0x00000000d8900000,0x00000000d8e00000)
  to   space 5120K, 0% used [0x00000000d8400000,0x00000000d8400000,0x00000000d8900000)
 ParOldGen       total 76288K, used 12052K [0x0000000082c00000, 0x0000000087680000, 0x00000000d6400000)
  object space 76288K, 15% used [0x0000000082c00000,0x00000000837c5038,0x0000000087680000)
 Metaspace       used 23468K, capacity 25176K, committed 25344K, reserved 1071104K
  class space    used 3472K, capacity 3743K, committed 3840K, reserved 1048576K
GC Heap History (6 events):
Event: 1.029 GC heap before
{Heap before GC invocations=1 (full 0):
 PSYoungGen      total 37888K, used 32768K [0x00000000d6400000, 0x00000000d8e00000, 0x0000000100000000)
  eden space 32768K, 100% used [0x00000000d6400000,0x00000000d8400000,0x00000000d8400000)
  from space 5120K, 0% used [0x00000000d8900000,0x00000000d8900000,0x00000000d8e00000)
  to   space 5120K, 0% used [0x00000000d8400000,0x00000000d8400000,0x00000000d8900000)
 ParOldGen       total 86016K, used 0K [0x0000000082c00000, 0x0000000088000000, 0x00000000d6400000)
  object space 86016K, 0% used [0x0000000082c00000,0x0000000082c00000,0x0000000088000000)
 Metaspace       used 12364K, capacity 12762K, committed 12800K, reserved 1060864K
  class space    used 1651K, capacity 1778K, committed 1792K, reserved 1048576K
Event: 1.035 GC heap after
Heap after GC invocations=1 (full 0):
 PSYoungGen      total 37888K, used 5088K [0x00000000d6400000, 0x00000000d8e00000, 0x0000000100000000)
  eden space 32768K, 0% used [0x00000000d6400000,0x00000000d6400000,0x00000000d8400000)
  from space 5120K, 99% used [0x00000000d8400000,0x00000000d88f8020,0x00000000d8900000)
  to   space 5120K, 0% used [0x00000000d8900000,0x00000000d8900000,0x00000000d8e00000)
 ParOldGen       total 86016K, used 3821K [0x0000000082c00000, 0x0000000088000000, 0x00000000d6400000)
  object space 86016K, 4% used [0x0000000082c00000,0x0000000082fbb498,0x0000000088000000)
 Metaspace       used 12364K, capacity 12762K, committed 12800K, reserved 1060864K
  class space    used 1651K, capacity 1778K, committed 1792K, reserved 1048576K
}
Event: 1.816 GC heap before
{Heap before GC invocations=2 (full 0):
 PSYoungGen      total 37888K, used 31634K [0x00000000d6400000, 0x00000000d8e00000, 0x0000000100000000)
  eden space 32768K, 81% used [0x00000000d6400000,0x00000000d7dec970,0x00000000d8400000)
  from space 5120K, 99% used [0x00000000d8400000,0x00000000d88f8020,0x00000000d8900000)
  to   space 5120K, 0% used [0x00000000d8900000,0x00000000d8900000,0x00000000d8e00000)
 ParOldGen       total 86016K, used 3821K [0x0000000082c00000, 0x0000000088000000, 0x00000000d6400000)
  object space 86016K, 4% used [0x0000000082c00000,0x0000000082fbb498,0x0000000088000000)
 Metaspace       used 19760K, capacity 21220K, committed 21248K, reserved 1067008K
  class space    used 3056K, capacity 3303K, committed 3328K, reserved 1048576K
Event: 1.828 GC heap after
Heap after GC invocations=2 (full 0):
 PSYoungGen      total 37888K, used 5088K [0x00000000d6400000, 0x00000000d8e00000, 0x0000000100000000)
  eden space 32768K, 0% used [0x00000000d6400000,0x00000000d6400000,0x00000000d8400000)
  from space 5120K, 99% used [0x00000000d8900000,0x00000000d8df8030,0x00000000d8e00000)
  to   space 5120K, 0% used [0x00000000d8400000,0x00000000d8400000,0x00000000d8900000)
 ParOldGen       total 86016K, used 7871K [0x0000000082c00000, 0x0000000088000000, 0x00000000d6400000)
  object space 86016K, 9% used [0x0000000082c00000,0x00000000833afde8,0x0000000088000000)
 Metaspace       used 19760K, capacity 21220K, committed 21248K, reserved 1067008K
  class space    used 3056K, capacity 3303K, committed 3328K, reserved 1048576K
}
Event: 1.828 GC heap before
{Heap before GC invocations=3 (full 1):
 PSYoungGen      total 37888K, used 5088K [0x00000000d6400000, 0x00000000d8e00000, 0x0000000100000000)
  eden space 32768K, 0% used [0x00000000d6400000,0x00000000d6400000,0x00000000d8400000)
  from space 5120K, 99% used [0x00000000d8900000,0x00000000d8df8030,0x00000000d8e00000)
  to   space 5120K, 0% used [0x00000000d8400000,0x00000000d8400000,0x00000000d8900000)
 ParOldGen       total 86016K, used 7871K [0x0000000082c00000, 0x0000000088000000, 0x00000000d6400000)
  object space 86016K, 9% used [0x0000000082c00000,0x00000000833afde8,0x0000000088000000)
 Metaspace       used 19760K, capacity 21220K, committed 21248K, reserved 1067008K
  class space    used 3056K, capacity 3303K, committed 3328K, reserved 1048576K
Event: 1.916 GC heap after
Heap after GC invocations=3 (full 1):
 PSYoungGen      total 37888K, used 0K [0x00000000d6400000, 0x00000000d8e00000, 0x0000000100000000)
  eden space 32768K, 0% used [0x00000000d6400000,0x00000000d6400000,0x00000000d8400000)
  from space 5120K, 0% used [0x00000000d8900000,0x00000000d8900000,0x00000000d8e00000)
  to   space 5120K, 0% used [0x00000000d8400000,0x00000000d8400000,0x00000000d8900000)
 ParOldGen       total 76288K, used 12052K [0x0000000082c00000, 0x0000000087680000, 0x00000000d6400000)
  object space 76288K, 15% used [0x0000000082c00000,0x00000000837c5038,0x0000000087680000)
 Metaspace       used 19759K, capacity 21218K, committed 21248K, reserved 1067008K
  class space    used 3056K, capacity 3302K, committed 3328K, reserved 1048576K
}

